<?xml version="1.0" encoding="UTF-8"?>
<!-- Generated by org.testng.reporters.JUnitReportReporter -->
<testsuite hostname="DESKTOP-JM5V6BJ" failures="0" tests="2" name="com.actitime.testscript.CustomerModule" time="52.736" errors="0" timestamp="2023-08-02T17:36:52 IST" skipped="0">
  <testcase classname="com.actitime.testscript.CustomerModule" name="testCreateCustomer" time="23.839">
    <system-out>
      <![CDATA[CreateCustomer]]>
    </system-out>
  </testcase> <!-- testCreateCustomer -->
  <testcase classname="com.actitime.testscript.CustomerModule" name="testCreateCustomer" time="28.897">
    <system-out>
      <![CDATA[CreateCustomer]]>
    </system-out>
  </testcase> <!-- testCreateCustomer -->
  <system-out>
    <![CDATA[openBrowser
openBrowser
login
login
CreateCustomer
logOut
CreateCustomer
logOut
closeBrowser
closeBrowser]]>
  </system-out>
</testsuite> <!-- com.actitime.testscript.CustomerModule -->
