<?xml version="1.0" encoding="UTF-8"?>
<!-- Generated by org.testng.reporters.JUnitReportReporter -->
<testsuite hostname="DESKTOP-JM5V6BJ" failures="0" tests="1" name="com.actitime.testscript.CustomerModule" time="32.716" errors="0" timestamp="2023-07-28T13:05:39 IST" skipped="0">
  <testcase classname="com.actitime.testscript.CustomerModule" name="testCreateCustomer" time="32.716">
    <system-out>
      <![CDATA[CreateCustomer]]>
    </system-out>
  </testcase> <!-- testCreateCustomer -->
  <system-out>
    <![CDATA[openBrowser
login
CreateCustomer
logOut
closeBrowser]]>
  </system-out>
</testsuite> <!-- com.actitime.testscript.CustomerModule -->
